C:\Program Files (x86)\Microsoft Visual Studio\2019\Community\MSBuild\Microsoft\VC\v160\Microsoft.CppBuild.targets(491,5): warning MSB8028: The intermediate directory (Debug\) contains files shared from another project (pl_szkielet_01_win.vcxproj).  This can lead to incorrect clean and rebuild behavior.
  cube.cpp
  imgui.cpp
  imgui_demo.cpp
  imgui_draw.cpp
  imgui_impl_glfw_gl3.cpp
  lodepng.cpp
  main_file.cpp
D:\Dominik\Desktop\Dominik\Github - repository list\TowerDefense\OgarniaczMobkow.h(79,21): warning C4018: '<': signed/unsigned mismatch
D:\Dominik\Desktop\Dominik\Github - repository list\TowerDefense\main_file.cpp(541,24): warning C4244: '=': conversion from 'double' to 'float', possible loss of data
  Mobki.cpp
  model.cpp
  OgarniaczMobkow.cpp
D:\Dominik\Desktop\Dominik\Github - repository list\TowerDefense\OgarniaczMobkow.h(79,21): warning C4018: '<': signed/unsigned mismatch
  placeForTower.cpp
D:\Dominik\Desktop\Dominik\Github - repository list\TowerDefense\placeForTower.cpp(6969,3): warning C4305: 'initializing': truncation from 'double' to 'float'
D:\Dominik\Desktop\Dominik\Github - repository list\TowerDefense\placeForTower.cpp(20823,3): warning C4305: 'initializing': truncation from 'double' to 'float'
D:\Dominik\Desktop\Dominik\Github - repository list\TowerDefense\placeForTower.cpp(27750,3): warning C4305: 'initializing': truncation from 'double' to 'float'
D:\Dominik\Desktop\Dominik\Github - repository list\TowerDefense\placeForTower.cpp(34677,3): warning C4305: 'initializing': truncation from 'double' to 'float'
  rock.cpp
D:\Dominik\Desktop\Dominik\Github - repository list\TowerDefense\rock.cpp(9262,3): warning C4305: 'initializing': truncation from 'double' to 'float'
D:\Dominik\Desktop\Dominik\Github - repository list\TowerDefense\rock.cpp(27702,3): warning C4305: 'initializing': truncation from 'double' to 'float'
D:\Dominik\Desktop\Dominik\Github - repository list\TowerDefense\rock.cpp(36922,3): warning C4305: 'initializing': truncation from 'double' to 'float'
D:\Dominik\Desktop\Dominik\Github - repository list\TowerDefense\rock.cpp(46142,3): warning C4305: 'initializing': truncation from 'double' to 'float'
  shaderprogram.cpp
  sphere.cpp
  teapot.cpp
  torus.cpp
  tree.cpp
D:\Dominik\Desktop\Dominik\Github - repository list\TowerDefense\tree.cpp(3979,3): warning C4305: 'initializing': truncation from 'double' to 'float'
D:\Dominik\Desktop\Dominik\Github - repository list\TowerDefense\tree.cpp(11813,3): warning C4305: 'initializing': truncation from 'double' to 'float'
D:\Dominik\Desktop\Dominik\Github - repository list\TowerDefense\tree.cpp(15730,3): warning C4305: 'initializing': truncation from 'double' to 'float'
D:\Dominik\Desktop\Dominik\Github - repository list\TowerDefense\tree.cpp(19647,3): warning C4305: 'initializing': truncation from 'double' to 'float'
  woodenTowerWatch.cpp
D:\Dominik\Desktop\Dominik\Github - repository list\TowerDefense\woodenTowerWatch.cpp(767,3): warning C4305: 'initializing': truncation from 'double' to 'float'
D:\Dominik\Desktop\Dominik\Github - repository list\TowerDefense\woodenTowerWatch.cpp(2213,3): warning C4305: 'initializing': truncation from 'double' to 'float'
D:\Dominik\Desktop\Dominik\Github - repository list\TowerDefense\woodenTowerWatch.cpp(2936,3): warning C4305: 'initializing': truncation from 'double' to 'float'
  Generating Code...
  pl_szkielet_01_win.vcxproj -> D:\Dominik\Desktop\Dominik\Github - repository list\TowerDefense\Debug\Tower Defence.exe
