  cube.cpp
D:\Dominik\Desktop\Dominik\Github - repository list\TowerDefense\model.h(24,10): fatal error C1083: Cannot open include file: 'GL/glew.h': No such file or directory
  lodepng.cpp
D:\Dominik\Desktop\Dominik\Github - repository list\TowerDefense\lodepng.cpp(762,34): warning C4334: '<<': result of 32-bit shift implicitly converted to 64 bits (was 64-bit shift intended?)
D:\Dominik\Desktop\Dominik\Github - repository list\TowerDefense\lodepng.cpp(1422,29): warning C4267: '=': conversion from 'size_t' to 'int', possible loss of data
D:\Dominik\Desktop\Dominik\Github - repository list\TowerDefense\lodepng.cpp(1426,31): warning C4267: '=': conversion from 'size_t' to 'int', possible loss of data
D:\Dominik\Desktop\Dominik\Github - repository list\TowerDefense\lodepng.cpp(1498,86): warning C4267: '=': conversion from 'size_t' to 'unsigned int', possible loss of data
D:\Dominik\Desktop\Dominik\Github - repository list\TowerDefense\lodepng.cpp(3441,46): warning C4334: '<<': result of 32-bit shift implicitly converted to 64 bits (was 64-bit shift intended?)
D:\Dominik\Desktop\Dominik\Github - repository list\TowerDefense\lodepng.cpp(3455,54): warning C4267: 'argument': conversion from 'size_t' to 'unsigned int', possible loss of data
D:\Dominik\Desktop\Dominik\Github - repository list\TowerDefense\lodepng.cpp(4262,75): warning C4267: '=': conversion from 'size_t' to 'unsigned int', possible loss of data
D:\Dominik\Desktop\Dominik\Github - repository list\TowerDefense\lodepng.cpp(4310,41): warning C4267: '=': conversion from 'size_t' to 'unsigned int', possible loss of data
D:\Dominik\Desktop\Dominik\Github - repository list\TowerDefense\lodepng.cpp(4390,59): warning C4267: '=': conversion from 'size_t' to 'unsigned int', possible loss of data
D:\Dominik\Desktop\Dominik\Github - repository list\TowerDefense\lodepng.cpp(5329,38): warning C4267: 'initializing': conversion from 'size_t' to 'unsigned int', possible loss of data
  main_file.cpp
D:\Dominik\Desktop\Dominik\Github - repository list\TowerDefense\main_file.cpp(22,10): fatal error C1083: Cannot open include file: 'GL/glew.h': No such file or directory
  model.cpp
D:\Dominik\Desktop\Dominik\Github - repository list\TowerDefense\model.h(24,10): fatal error C1083: Cannot open include file: 'GL/glew.h': No such file or directory
  shaderprogram.cpp
D:\Dominik\Desktop\Dominik\Github - repository list\TowerDefense\shaderprogram.h(25,10): fatal error C1083: Cannot open include file: 'GL/glew.h': No such file or directory
  sphere.cpp
D:\Dominik\Desktop\Dominik\Github - repository list\TowerDefense\model.h(24,10): fatal error C1083: Cannot open include file: 'GL/glew.h': No such file or directory
  teapot.cpp
D:\Dominik\Desktop\Dominik\Github - repository list\TowerDefense\model.h(24,10): fatal error C1083: Cannot open include file: 'GL/glew.h': No such file or directory
  torus.cpp
D:\Dominik\Desktop\Dominik\Github - repository list\TowerDefense\model.h(24,10): fatal error C1083: Cannot open include file: 'GL/glew.h': No such file or directory
  Generating Code...
